<?xml version="1.0" encoding="utf-8"?><testsuites name="pytest tests"><testsuite name="pytest" errors="0" failures="0" skipped="0" tests="17" time="11.405" timestamp="2026-09-22T07:38:09.714747+00:00" hostname="agent-env-8e4a8061-b757-4fbb-b367-dd34df6c295e"><testcase classname="tests.backend_test" name="test_login_wrong_password" time="1.175" /><testcase classname="tests.backend_test" name="test_auth_me" time="1.494" /><testcase classname="tests.backend_test" name="test_me_without_token" time="0.555" /><testcase classname="tests.backend_test" name="test_periods_list" time="0.095" /><testcase classname="tests.backend_test" name="test_dashboard_active" time="0.076" /><testcase classname="tests.backend_test" name="test_dashboard_tw1" time="0.139" /><testcase classname="tests.backend_test" name="test_kecamatan_list" time="0.049" /><testcase classname="tests.backend_test" name="test_desa_list" time="0.077" /><testcase classname="tests.backend_test" name="test_desa_filter" time="0.169" /><testcase classname="tests.backend_test" name="test_households_pagination" time="0.084" /><testcase classname="tests.backend_test" name="test_households_search" time="0.098" /><testcase classname="tests.backend_test" name="test_users_crud" time="0.971" /><testcase classname="tests.backend_test" name="test_cannot_delete_self" time="0.128" /><testcase classname="tests.backend_test" name="test_period_crud" time="0.321" /><testcase classname="tests.backend_test" name="test_settings" time="0.114" /><testcase classname="tests.backend_test" name="test_upload_preview_and_commit" time="2.335" /><testcase classname="tests.backend_test" name="test_upload_bad_file" time="0.328" /></testsuite></testsuites>