<?xml version="1.0" encoding="utf-8"?><testsuites name="pytest tests"><testsuite name="pytest" errors="0" failures="0" skipped="0" tests="17" time="10.148" timestamp="2026-09-22T08:36:46.115060+00:00" hostname="agent-env-8e4a8061-b757-4fbb-b367-dd34df6c295e"><testcase classname="tests.test_rbac_features.TestViewerRBAC" name="test_viewer_reads_dashboard" time="3.062" /><testcase classname="tests.test_rbac_features.TestViewerRBAC" name="test_viewer_reads_kecamatan" time="0.041" /><testcase classname="tests.test_rbac_features.TestViewerRBAC" name="test_viewer_reads_desa" time="0.047" /><testcase classname="tests.test_rbac_features.TestViewerRBAC" name="test_viewer_reads_households" time="0.047" /><testcase classname="tests.test_rbac_features.TestViewerRBAC" name="test_viewer_reads_galeri" time="0.062" /><testcase classname="tests.test_rbac_features.TestViewerRBAC" name="test_viewer_forbidden_list_users" time="0.065" /><testcase classname="tests.test_rbac_features.TestViewerRBAC" name="test_viewer_forbidden_create_period" time="0.047" /><testcase classname="tests.test_rbac_features.TestViewerRBAC" name="test_viewer_forbidden_update_settings" time="0.047" /><testcase classname="tests.test_rbac_features.TestViewerRBAC" name="test_viewer_forbidden_galeri_upload" time="0.079" /><testcase classname="tests.test_rbac_features.TestVerifikatorRBAC" name="test_verif_forbidden_list_users" time="0.996" /><testcase classname="tests.test_rbac_features.TestVerifikatorRBAC" name="test_verif_forbidden_create_user" time="0.048" /><testcase classname="tests.test_rbac_features.TestVerifikatorRBAC" name="test_verif_can_create_period" time="0.213" /><testcase classname="tests.test_rbac_features.TestVerifikatorRBAC" name="test_verif_can_upload_galeri" time="1.651" /><testcase classname="tests.test_rbac_features.TestGalleryThumbnail" name="test_upload_generates_thumb_and_variant_smaller" time="2.261" /><testcase classname="tests.test_rbac_features.TestExcelArchive" name="test_existing_periods_have_excel" time="0.108" /><testcase classname="tests.test_rbac_features.TestExcelArchive" name="test_download_excel_when_available" time="0.868" /><testcase classname="tests.test_rbac_features.TestAdminFullAccess" name="test_admin_reads_users" time="0.240" /></testsuite></testsuites>